{"C:\\Users\\nimit.jain\\OneDrive - Incedo Technology Solutions Ltd\\Desktop\\605712\\Projects\\Customizable Dashboard\\customizable-dashboard\\src\\App.js": {"path":"C:\\Users\\nimit.jain\\OneDrive - Incedo Technology Solutions Ltd\\Desktop\\605712\\Projects\\Customizable Dashboard\\customizable-dashboard\\src\\App.js","statementMap":{"0":{"start":{"line":9,"column":40},"end":{"line":9,"column":55}},"1":{"start":{"line":12,"column":23},"end":{"line":14,"column":3}},"2":{"start":{"line":13,"column":4},"end":{"line":13,"column":33}},"3":{"start":{"line":16,"column":2},"end":{"line":26,"column":4}}},"fnMap":{"0":{"name":"App","decl":{"start":{"line":7,"column":9},"end":{"line":7,"column":12}},"loc":{"start":{"line":7,"column":15},"end":{"line":27,"column":1}},"line":7},"1":{"name":"(anonymous_1)","decl":{"start":{"line":12,"column":23},"end":{"line":12,"column":24}},"loc":{"start":{"line":12,"column":29},"end":{"line":14,"column":3}},"line":12}},"branchMap":{},"s":{"0":0,"1":0,"2":0,"3":0},"f":{"0":0,"1":0},"b":{}}
,"C:\\Users\\nimit.jain\\OneDrive - Incedo Technology Solutions Ltd\\Desktop\\605712\\Projects\\Customizable Dashboard\\customizable-dashboard\\src\\ContentRenderer.js": {"path":"C:\\Users\\nimit.jain\\OneDrive - Incedo Technology Solutions Ltd\\Desktop\\605712\\Projects\\Customizable Dashboard\\customizable-dashboard\\src\\ContentRenderer.js","statementMap":{"0":{"start":{"line":4,"column":24},"end":{"line":13,"column":1}},"1":{"start":{"line":6,"column":4},"end":{"line":12,"column":5}},"2":{"start":{"line":7,"column":32},"end":{"line":7,"column":58}},"3":{"start":{"line":8,"column":22},"end":{"line":8,"column":40}},"4":{"start":{"line":11,"column":12},"end":{"line":11,"column":24}},"5":{"start":{"line":15,"column":23},"end":{"line":28,"column":1}},"6":{"start":{"line":16,"column":4},"end":{"line":27,"column":6}}},"fnMap":{"0":{"name":"(anonymous_0)","decl":{"start":{"line":4,"column":24},"end":{"line":4,"column":25}},"loc":{"start":{"line":4,"column":41},"end":{"line":13,"column":1}},"line":4},"1":{"name":"(anonymous_1)","decl":{"start":{"line":15,"column":23},"end":{"line":15,"column":24}},"loc":{"start":{"line":15,"column":29},"end":{"line":28,"column":1}},"line":15}},"branchMap":{"0":{"loc":{"start":{"line":6,"column":4},"end":{"line":12,"column":5}},"type":"switch","locations":[{"start":{"line":7,"column":8},"end":{"line":7,"column":58}},{"start":{"line":8,"column":8},"end":{"line":8,"column":40}},{"start":{"line":10,"column":8},"end":{"line":11,"column":24}}],"line":6}},"s":{"0":0,"1":0,"2":0,"3":0,"4":0,"5":0,"6":0},"f":{"0":0,"1":0},"b":{"0":[0,0,0]}}
,"C:\\Users\\nimit.jain\\OneDrive - Incedo Technology Solutions Ltd\\Desktop\\605712\\Projects\\Customizable Dashboard\\customizable-dashboard\\src\\DashboardStudio.js": {"path":"C:\\Users\\nimit.jain\\OneDrive - Incedo Technology Solutions Ltd\\Desktop\\605712\\Projects\\Customizable Dashboard\\customizable-dashboard\\src\\DashboardStudio.js","statementMap":{"0":{"start":{"line":6,"column":24},"end":{"line":22,"column":1}},"1":{"start":{"line":7,"column":34},"end":{"line":7,"column":46}},"2":{"start":{"line":8,"column":40},"end":{"line":8,"column":54}},"3":{"start":{"line":9,"column":40},"end":{"line":9,"column":55}},"4":{"start":{"line":11,"column":25},"end":{"line":13,"column":5}},"5":{"start":{"line":12,"column":8},"end":{"line":12,"column":35}},"6":{"start":{"line":15,"column":4},"end":{"line":21,"column":6}}},"fnMap":{"0":{"name":"(anonymous_0)","decl":{"start":{"line":6,"column":24},"end":{"line":6,"column":25}},"loc":{"start":{"line":6,"column":30},"end":{"line":22,"column":1}},"line":6},"1":{"name":"(anonymous_1)","decl":{"start":{"line":11,"column":25},"end":{"line":11,"column":26}},"loc":{"start":{"line":11,"column":31},"end":{"line":13,"column":5}},"line":11}},"branchMap":{"0":{"loc":{"start":{"line":18,"column":13},"end":{"line":18,"column":103}},"type":"binary-expr","locations":[{"start":{"line":18,"column":13},"end":{"line":18,"column":23}},{"start":{"line":18,"column":27},"end":{"line":18,"column":103}}],"line":18}},"s":{"0":0,"1":0,"2":0,"3":0,"4":0,"5":0,"6":0},"f":{"0":0,"1":0},"b":{"0":[0,0]}}
,"C:\\Users\\nimit.jain\\OneDrive - Incedo Technology Solutions Ltd\\Desktop\\605712\\Projects\\Customizable Dashboard\\customizable-dashboard\\src\\DivObject.js": {"path":"C:\\Users\\nimit.jain\\OneDrive - Incedo Technology Solutions Ltd\\Desktop\\605712\\Projects\\Customizable Dashboard\\customizable-dashboard\\src\\DivObject.js","statementMap":{"0":{"start":{"line":4,"column":18},"end":{"line":18,"column":1}},"1":{"start":{"line":5,"column":25},"end":{"line":5,"column":70}},"2":{"start":{"line":6,"column":4},"end":{"line":6,"column":23}},"3":{"start":{"line":8,"column":4},"end":{"line":17,"column":6}},"4":{"start":{"line":12,"column":32},"end":{"line":12,"column":58}}},"fnMap":{"0":{"name":"(anonymous_0)","decl":{"start":{"line":4,"column":18},"end":{"line":4,"column":19}},"loc":{"start":{"line":4,"column":72},"end":{"line":18,"column":1}},"line":4},"1":{"name":"(anonymous_1)","decl":{"start":{"line":12,"column":21},"end":{"line":12,"column":22}},"loc":{"start":{"line":12,"column":32},"end":{"line":12,"column":58}},"line":12}},"branchMap":{"0":{"loc":{"start":{"line":5,"column":40},"end":{"line":5,"column":68}},"type":"cond-expr","locations":[{"start":{"line":5,"column":53},"end":{"line":5,"column":63}},{"start":{"line":5,"column":66},"end":{"line":5,"column":68}}],"line":5}},"s":{"0":0,"1":0,"2":0,"3":0,"4":0},"f":{"0":0,"1":0},"b":{"0":[0,0]}}
,"C:\\Users\\nimit.jain\\OneDrive - Incedo Technology Solutions Ltd\\Desktop\\605712\\Projects\\Customizable Dashboard\\customizable-dashboard\\src\\Editor.js": {"path":"C:\\Users\\nimit.jain\\OneDrive - Incedo Technology Solutions Ltd\\Desktop\\605712\\Projects\\Customizable Dashboard\\customizable-dashboard\\src\\Editor.js","statementMap":{"0":{"start":{"line":5,"column":22},"end":{"line":5,"column":28948}},"1":{"start":{"line":7,"column":25},"end":{"line":15,"column":1}},"2":{"start":{"line":17,"column":15},"end":{"line":266,"column":1}},"3":{"start":{"line":18,"column":34},"end":{"line":18,"column":46}},"4":{"start":{"line":19,"column":42},"end":{"line":19,"column":54}},"5":{"start":{"line":20,"column":44},"end":{"line":27,"column":6}},"6":{"start":{"line":28,"column":37},"end":{"line":45,"column":5}},"7":{"start":{"line":29,"column":21},"end":{"line":29,"column":23}},"8":{"start":{"line":31,"column":8},"end":{"line":42,"column":11}},"9":{"start":{"line":33,"column":12},"end":{"line":36,"column":15}},"10":{"start":{"line":39,"column":12},"end":{"line":41,"column":13}},"11":{"start":{"line":40,"column":16},"end":{"line":40,"column":82}},"12":{"start":{"line":44,"column":8},"end":{"line":44,"column":22}},"13":{"start":{"line":47,"column":26},"end":{"line":47,"column":65}},"14":{"start":{"line":50,"column":4},"end":{"line":50,"column":33}},"15":{"start":{"line":53,"column":4},"end":{"line":53,"column":24}},"16":{"start":{"line":55,"column":34},"end":{"line":55,"column":46}},"17":{"start":{"line":56,"column":44},"end":{"line":56,"column":56}},"18":{"start":{"line":57,"column":60},"end":{"line":57,"column":75}},"19":{"start":{"line":58,"column":42},"end":{"line":58,"column":57}},"20":{"start":{"line":60,"column":4},"end":{"line":67,"column":18}},"21":{"start":{"line":61,"column":8},"end":{"line":66,"column":9}},"22":{"start":{"line":62,"column":31},"end":{"line":62,"column":79}},"23":{"start":{"line":63,"column":12},"end":{"line":63,"column":59}},"24":{"start":{"line":63,"column":40},"end":{"line":63,"column":59}},"25":{"start":{"line":64,"column":12},"end":{"line":64,"column":35}},"26":{"start":{"line":65,"column":12},"end":{"line":65,"column":51}},"27":{"start":{"line":69,"column":22},"end":{"line":89,"column":5}},"28":{"start":{"line":70,"column":37},"end":{"line":70,"column":62}},"29":{"start":{"line":71,"column":26},"end":{"line":79,"column":9}},"30":{"start":{"line":80,"column":29},"end":{"line":80,"column":52}},"31":{"start":{"line":81,"column":8},"end":{"line":87,"column":9}},"32":{"start":{"line":82,"column":12},"end":{"line":86,"column":14}},"33":{"start":{"line":83,"column":16},"end":{"line":85,"column":25}},"34":{"start":{"line":88,"column":8},"end":{"line":88,"column":35}},"35":{"start":{"line":91,"column":32},"end":{"line":114,"column":5}},"36":{"start":{"line":92,"column":8},"end":{"line":113,"column":9}},"37":{"start":{"line":94,"column":16},"end":{"line":97,"column":18}},"38":{"start":{"line":99,"column":16},"end":{"line":102,"column":18}},"39":{"start":{"line":104,"column":16},"end":{"line":107,"column":18}},"40":{"start":{"line":109,"column":16},"end":{"line":112,"column":18}},"41":{"start":{"line":116,"column":25},"end":{"line":131,"column":5}},"42":{"start":{"line":117,"column":8},"end":{"line":117,"column":32}},"43":{"start":{"line":118,"column":8},"end":{"line":126,"column":9}},"44":{"start":{"line":119,"column":12},"end":{"line":123,"column":14}},"45":{"start":{"line":120,"column":16},"end":{"line":122,"column":46}},"46":{"start":{"line":121,"column":61},"end":{"line":121,"column":78}},"47":{"start":{"line":125,"column":12},"end":{"line":125,"column":33}},"48":{"start":{"line":127,"column":31},"end":{"line":127,"column":65}},"49":{"start":{"line":127,"column":51},"end":{"line":127,"column":64}},"50":{"start":{"line":128,"column":8},"end":{"line":130,"column":9}},"51":{"start":{"line":129,"column":12},"end":{"line":129,"column":50}},"52":{"start":{"line":133,"column":31},"end":{"line":138,"column":5}},"53":{"start":{"line":134,"column":31},"end":{"line":136,"column":9}},"54":{"start":{"line":135,"column":12},"end":{"line":135,"column":98}},"55":{"start":{"line":137,"column":8},"end":{"line":137,"column":35}},"56":{"start":{"line":140,"column":27},"end":{"line":145,"column":5}},"57":{"start":{"line":141,"column":8},"end":{"line":144,"column":9}},"58":{"start":{"line":142,"column":12},"end":{"line":142,"column":46}},"59":{"start":{"line":143,"column":12},"end":{"line":143,"column":50}},"60":{"start":{"line":147,"column":27},"end":{"line":152,"column":5}},"61":{"start":{"line":148,"column":8},"end":{"line":151,"column":9}},"62":{"start":{"line":149,"column":12},"end":{"line":149,"column":46}},"63":{"start":{"line":150,"column":12},"end":{"line":150,"column":50}},"64":{"start":{"line":154,"column":30},"end":{"line":159,"column":5}},"65":{"start":{"line":155,"column":8},"end":{"line":155,"column":65}},"66":{"start":{"line":156,"column":8},"end":{"line":158,"column":9}},"67":{"start":{"line":157,"column":12},"end":{"line":157,"column":55}},"68":{"start":{"line":161,"column":34},"end":{"line":178,"column":5}},"69":{"start":{"line":162,"column":34},"end":{"line":162,"column":52}},"70":{"start":{"line":164,"column":8},"end":{"line":177,"column":9}},"71":{"start":{"line":165,"column":35},"end":{"line":175,"column":13}},"72":{"start":{"line":166,"column":16},"end":{"line":174,"column":25}},"73":{"start":{"line":176,"column":12},"end":{"line":176,"column":39}},"74":{"start":{"line":180,"column":34},"end":{"line":186,"column":5}},"75":{"start":{"line":181,"column":8},"end":{"line":185,"column":9}},"76":{"start":{"line":182,"column":35},"end":{"line":182,"column":126}},"77":{"start":{"line":182,"column":57},"end":{"line":182,"column":125}},"78":{"start":{"line":183,"column":12},"end":{"line":183,"column":39}},"79":{"start":{"line":184,"column":12},"end":{"line":184,"column":31}},"80":{"start":{"line":188,"column":36},"end":{"line":191,"column":5}},"81":{"start":{"line":189,"column":8},"end":{"line":189,"column":40}},"82":{"start":{"line":189,"column":33},"end":{"line":189,"column":38}},"83":{"start":{"line":190,"column":8},"end":{"line":190,"column":39}},"84":{"start":{"line":193,"column":29},"end":{"line":202,"column":5}},"85":{"start":{"line":194,"column":31},"end":{"line":200,"column":11}},"86":{"start":{"line":194,"column":51},"end":{"line":200,"column":9}},"87":{"start":{"line":201,"column":8},"end":{"line":201,"column":35}},"88":{"start":{"line":204,"column":29},"end":{"line":207,"column":5}},"89":{"start":{"line":205,"column":23},"end":{"line":205,"column":49}},"90":{"start":{"line":205,"column":42},"end":{"line":205,"column":48}},"91":{"start":{"line":206,"column":8},"end":{"line":206,"column":31}},"92":{"start":{"line":209,"column":26},"end":{"line":221,"column":5}},"93":{"start":{"line":210,"column":8},"end":{"line":220,"column":15}},"94":{"start":{"line":211,"column":27},"end":{"line":211,"column":52}},"95":{"start":{"line":213,"column":16},"end":{"line":219,"column":18}},"96":{"start":{"line":216,"column":41},"end":{"line":216,"column":68}},"97":{"start":{"line":217,"column":42},"end":{"line":217,"column":63}},"98":{"start":{"line":223,"column":4},"end":{"line":265,"column":6}},"99":{"start":{"line":225,"column":35},"end":{"line":225,"column":57}},"100":{"start":{"line":226,"column":35},"end":{"line":226,"column":88}},"101":{"start":{"line":227,"column":35},"end":{"line":227,"column":91}},"102":{"start":{"line":230,"column":35},"end":{"line":230,"column":81}},"103":{"start":{"line":249,"column":20},"end":{"line":251,"column":29}}},"fnMap":{"0":{"name":"(anonymous_0)","decl":{"start":{"line":17,"column":15},"end":{"line":17,"column":16}},"loc":{"start":{"line":17,"column":21},"end":{"line":266,"column":1}},"line":17},"1":{"name":"(anonymous_1)","decl":{"start":{"line":28,"column":37},"end":{"line":28,"column":38}},"loc":{"start":{"line":28,"column":50},"end":{"line":45,"column":5}},"line":28},"2":{"name":"(anonymous_2)","decl":{"start":{"line":31,"column":24},"end":{"line":31,"column":25}},"loc":{"start":{"line":31,"column":33},"end":{"line":42,"column":9}},"line":31},"3":{"name":"(anonymous_3)","decl":{"start":{"line":60,"column":14},"end":{"line":60,"column":15}},"loc":{"start":{"line":60,"column":20},"end":{"line":67,"column":5}},"line":60},"4":{"name":"(anonymous_4)","decl":{"start":{"line":69,"column":22},"end":{"line":69,"column":23}},"loc":{"start":{"line":69,"column":49},"end":{"line":89,"column":5}},"line":69},"5":{"name":"(anonymous_5)","decl":{"start":{"line":82,"column":48},"end":{"line":82,"column":49}},"loc":{"start":{"line":83,"column":16},"end":{"line":85,"column":25}},"line":83},"6":{"name":"(anonymous_6)","decl":{"start":{"line":91,"column":32},"end":{"line":91,"column":33}},"loc":{"start":{"line":91,"column":42},"end":{"line":114,"column":5}},"line":91},"7":{"name":"(anonymous_7)","decl":{"start":{"line":116,"column":25},"end":{"line":116,"column":26}},"loc":{"start":{"line":116,"column":40},"end":{"line":131,"column":5}},"line":116},"8":{"name":"(anonymous_8)","decl":{"start":{"line":119,"column":27},"end":{"line":119,"column":28}},"loc":{"start":{"line":120,"column":16},"end":{"line":122,"column":46}},"line":120},"9":{"name":"(anonymous_9)","decl":{"start":{"line":121,"column":45},"end":{"line":121,"column":46}},"loc":{"start":{"line":121,"column":61},"end":{"line":121,"column":78}},"line":121},"10":{"name":"(anonymous_10)","decl":{"start":{"line":127,"column":44},"end":{"line":127,"column":45}},"loc":{"start":{"line":127,"column":51},"end":{"line":127,"column":64}},"line":127},"11":{"name":"(anonymous_11)","decl":{"start":{"line":133,"column":31},"end":{"line":133,"column":32}},"loc":{"start":{"line":133,"column":46},"end":{"line":138,"column":5}},"line":133},"12":{"name":"(anonymous_12)","decl":{"start":{"line":134,"column":43},"end":{"line":134,"column":44}},"loc":{"start":{"line":135,"column":12},"end":{"line":135,"column":98}},"line":135},"13":{"name":"(anonymous_13)","decl":{"start":{"line":140,"column":27},"end":{"line":140,"column":28}},"loc":{"start":{"line":140,"column":33},"end":{"line":145,"column":5}},"line":140},"14":{"name":"(anonymous_14)","decl":{"start":{"line":147,"column":27},"end":{"line":147,"column":28}},"loc":{"start":{"line":147,"column":33},"end":{"line":152,"column":5}},"line":147},"15":{"name":"(anonymous_15)","decl":{"start":{"line":154,"column":30},"end":{"line":154,"column":31}},"loc":{"start":{"line":154,"column":52},"end":{"line":159,"column":5}},"line":154},"16":{"name":"(anonymous_16)","decl":{"start":{"line":161,"column":34},"end":{"line":161,"column":35}},"loc":{"start":{"line":161,"column":45},"end":{"line":178,"column":5}},"line":161},"17":{"name":"(anonymous_17)","decl":{"start":{"line":165,"column":47},"end":{"line":165,"column":48}},"loc":{"start":{"line":166,"column":16},"end":{"line":174,"column":25}},"line":166},"18":{"name":"(anonymous_18)","decl":{"start":{"line":180,"column":34},"end":{"line":180,"column":35}},"loc":{"start":{"line":180,"column":40},"end":{"line":186,"column":5}},"line":180},"19":{"name":"(anonymous_19)","decl":{"start":{"line":182,"column":50},"end":{"line":182,"column":51}},"loc":{"start":{"line":182,"column":57},"end":{"line":182,"column":125}},"line":182},"20":{"name":"(anonymous_20)","decl":{"start":{"line":188,"column":36},"end":{"line":188,"column":37}},"loc":{"start":{"line":188,"column":42},"end":{"line":191,"column":5}},"line":188},"21":{"name":"(anonymous_21)","decl":{"start":{"line":189,"column":23},"end":{"line":189,"column":24}},"loc":{"start":{"line":189,"column":33},"end":{"line":189,"column":38}},"line":189},"22":{"name":"(anonymous_22)","decl":{"start":{"line":193,"column":29},"end":{"line":193,"column":30}},"loc":{"start":{"line":193,"column":44},"end":{"line":202,"column":5}},"line":193},"23":{"name":"(anonymous_23)","decl":{"start":{"line":194,"column":43},"end":{"line":194,"column":44}},"loc":{"start":{"line":194,"column":51},"end":{"line":200,"column":9}},"line":194},"24":{"name":"(anonymous_24)","decl":{"start":{"line":204,"column":29},"end":{"line":204,"column":30}},"loc":{"start":{"line":204,"column":35},"end":{"line":207,"column":5}},"line":204},"25":{"name":"(anonymous_25)","decl":{"start":{"line":205,"column":35},"end":{"line":205,"column":36}},"loc":{"start":{"line":205,"column":42},"end":{"line":205,"column":48}},"line":205},"26":{"name":"(anonymous_26)","decl":{"start":{"line":209,"column":26},"end":{"line":209,"column":27}},"loc":{"start":{"line":209,"column":47},"end":{"line":221,"column":5}},"line":209},"27":{"name":"(anonymous_27)","decl":{"start":{"line":211,"column":20},"end":{"line":211,"column":21}},"loc":{"start":{"line":211,"column":27},"end":{"line":211,"column":52}},"line":211},"28":{"name":"(anonymous_28)","decl":{"start":{"line":212,"column":17},"end":{"line":212,"column":18}},"loc":{"start":{"line":213,"column":16},"end":{"line":219,"column":18}},"line":213},"29":{"name":"(anonymous_29)","decl":{"start":{"line":216,"column":30},"end":{"line":216,"column":31}},"loc":{"start":{"line":216,"column":41},"end":{"line":216,"column":68}},"line":216},"30":{"name":"(anonymous_30)","decl":{"start":{"line":217,"column":36},"end":{"line":217,"column":37}},"loc":{"start":{"line":217,"column":42},"end":{"line":217,"column":63}},"line":217},"31":{"name":"(anonymous_31)","decl":{"start":{"line":225,"column":29},"end":{"line":225,"column":30}},"loc":{"start":{"line":225,"column":35},"end":{"line":225,"column":57}},"line":225},"32":{"name":"(anonymous_32)","decl":{"start":{"line":226,"column":29},"end":{"line":226,"column":30}},"loc":{"start":{"line":226,"column":35},"end":{"line":226,"column":88}},"line":226},"33":{"name":"(anonymous_33)","decl":{"start":{"line":227,"column":29},"end":{"line":227,"column":30}},"loc":{"start":{"line":227,"column":35},"end":{"line":227,"column":91}},"line":227},"34":{"name":"(anonymous_34)","decl":{"start":{"line":230,"column":29},"end":{"line":230,"column":30}},"loc":{"start":{"line":230,"column":35},"end":{"line":230,"column":81}},"line":230},"35":{"name":"(anonymous_35)","decl":{"start":{"line":248,"column":38},"end":{"line":248,"column":39}},"loc":{"start":{"line":249,"column":20},"end":{"line":251,"column":29}},"line":249}},"branchMap":{"0":{"loc":{"start":{"line":34,"column":29},"end":{"line":34,"column":50}},"type":"binary-expr","locations":[{"start":{"line":34,"column":29},"end":{"line":34,"column":44}},{"start":{"line":34,"column":48},"end":{"line":34,"column":50}}],"line":34},"1":{"loc":{"start":{"line":39,"column":12},"end":{"line":41,"column":13}},"type":"if","locations":[{"start":{"line":39,"column":12},"end":{"line":41,"column":13}},{"start":{},"end":{}}],"line":39},"2":{"loc":{"start":{"line":39,"column":16},"end":{"line":39,"column":77}},"type":"binary-expr","locations":[{"start":{"line":39,"column":16},"end":{"line":39,"column":43}},{"start":{"line":39,"column":47},"end":{"line":39,"column":77}}],"line":39},"3":{"loc":{"start":{"line":61,"column":8},"end":{"line":66,"column":9}},"type":"if","locations":[{"start":{"line":61,"column":8},"end":{"line":66,"column":9}},{"start":{},"end":{}}],"line":61},"4":{"loc":{"start":{"line":61,"column":12},"end":{"line":61,"column":68}},"type":"binary-expr","locations":[{"start":{"line":61,"column":12},"end":{"line":61,"column":31}},{"start":{"line":61,"column":35},"end":{"line":61,"column":68}}],"line":61},"5":{"loc":{"start":{"line":63,"column":12},"end":{"line":63,"column":59}},"type":"if","locations":[{"start":{"line":63,"column":12},"end":{"line":63,"column":59}},{"start":{},"end":{}}],"line":63},"6":{"loc":{"start":{"line":69,"column":29},"end":{"line":69,"column":44}},"type":"default-arg","locations":[{"start":{"line":69,"column":40},"end":{"line":69,"column":44}}],"line":69},"7":{"loc":{"start":{"line":81,"column":8},"end":{"line":87,"column":9}},"type":"if","locations":[{"start":{"line":81,"column":8},"end":{"line":87,"column":9}},{"start":{},"end":{}}],"line":81},"8":{"loc":{"start":{"line":83,"column":16},"end":{"line":85,"column":25}},"type":"cond-expr","locations":[{"start":{"line":84,"column":22},"end":{"line":84,"column":75}},{"start":{"line":85,"column":22},"end":{"line":85,"column":25}}],"line":83},"9":{"loc":{"start":{"line":92,"column":8},"end":{"line":113,"column":9}},"type":"switch","locations":[{"start":{"line":93,"column":12},"end":{"line":97,"column":18}},{"start":{"line":98,"column":12},"end":{"line":102,"column":18}},{"start":{"line":103,"column":12},"end":{"line":107,"column":18}},{"start":{"line":108,"column":12},"end":{"line":112,"column":18}}],"line":92},"10":{"loc":{"start":{"line":118,"column":8},"end":{"line":126,"column":9}},"type":"if","locations":[{"start":{"line":118,"column":8},"end":{"line":126,"column":9}},{"start":{"line":124,"column":15},"end":{"line":126,"column":9}}],"line":118},"11":{"loc":{"start":{"line":120,"column":16},"end":{"line":122,"column":46}},"type":"cond-expr","locations":[{"start":{"line":121,"column":22},"end":{"line":121,"column":79}},{"start":{"line":122,"column":22},"end":{"line":122,"column":46}}],"line":120},"12":{"loc":{"start":{"line":128,"column":8},"end":{"line":130,"column":9}},"type":"if","locations":[{"start":{"line":128,"column":8},"end":{"line":130,"column":9}},{"start":{},"end":{}}],"line":128},"13":{"loc":{"start":{"line":135,"column":12},"end":{"line":135,"column":98}},"type":"cond-expr","locations":[{"start":{"line":135,"column":43},"end":{"line":135,"column":92}},{"start":{"line":135,"column":95},"end":{"line":135,"column":98}}],"line":135},"14":{"loc":{"start":{"line":141,"column":8},"end":{"line":144,"column":9}},"type":"if","locations":[{"start":{"line":141,"column":8},"end":{"line":144,"column":9}},{"start":{},"end":{}}],"line":141},"15":{"loc":{"start":{"line":148,"column":8},"end":{"line":151,"column":9}},"type":"if","locations":[{"start":{"line":148,"column":8},"end":{"line":151,"column":9}},{"start":{},"end":{}}],"line":148},"16":{"loc":{"start":{"line":156,"column":8},"end":{"line":158,"column":9}},"type":"if","locations":[{"start":{"line":156,"column":8},"end":{"line":158,"column":9}},{"start":{},"end":{}}],"line":156},"17":{"loc":{"start":{"line":164,"column":8},"end":{"line":177,"column":9}},"type":"if","locations":[{"start":{"line":164,"column":8},"end":{"line":177,"column":9}},{"start":{},"end":{}}],"line":164},"18":{"loc":{"start":{"line":166,"column":16},"end":{"line":174,"column":25}},"type":"cond-expr","locations":[{"start":{"line":167,"column":22},"end":{"line":173,"column":21}},{"start":{"line":174,"column":22},"end":{"line":174,"column":25}}],"line":166},"19":{"loc":{"start":{"line":181,"column":8},"end":{"line":185,"column":9}},"type":"if","locations":[{"start":{"line":181,"column":8},"end":{"line":185,"column":9}},{"start":{},"end":{}}],"line":181},"20":{"loc":{"start":{"line":182,"column":57},"end":{"line":182,"column":125}},"type":"binary-expr","locations":[{"start":{"line":182,"column":57},"end":{"line":182,"column":86}},{"start":{"line":182,"column":90},"end":{"line":182,"column":125}}],"line":182},"21":{"loc":{"start":{"line":198,"column":25},"end":{"line":198,"column":48}},"type":"cond-expr","locations":[{"start":{"line":198,"column":37},"end":{"line":198,"column":43}},{"start":{"line":198,"column":46},"end":{"line":198,"column":48}}],"line":198},"22":{"loc":{"start":{"line":209,"column":27},"end":{"line":209,"column":42}},"type":"default-arg","locations":[{"start":{"line":209,"column":38},"end":{"line":209,"column":42}}],"line":209},"23":{"loc":{"start":{"line":231,"column":17},"end":{"line":231,"column":82}},"type":"cond-expr","locations":[{"start":{"line":231,"column":40},"end":{"line":231,"column":62}},{"start":{"line":231,"column":65},"end":{"line":231,"column":82}}],"line":231}},"s":{"0":0,"1":0,"2":0,"3":0,"4":0,"5":0,"6":0,"7":0,"8":0,"9":0,"10":0,"11":0,"12":0,"13":0,"14":0,"15":0,"16":0,"17":0,"18":0,"19":0,"20":0,"21":0,"22":0,"23":0,"24":0,"25":0,"26":0,"27":0,"28":0,"29":0,"30":0,"31":0,"32":0,"33":0,"34":0,"35":0,"36":0,"37":0,"38":0,"39":0,"40":0,"41":0,"42":0,"43":0,"44":0,"45":0,"46":0,"47":0,"48":0,"49":0,"50":0,"51":0,"52":0,"53":0,"54":0,"55":0,"56":0,"57":0,"58":0,"59":0,"60":0,"61":0,"62":0,"63":0,"64":0,"65":0,"66":0,"67":0,"68":0,"69":0,"70":0,"71":0,"72":0,"73":0,"74":0,"75":0,"76":0,"77":0,"78":0,"79":0,"80":0,"81":0,"82":0,"83":0,"84":0,"85":0,"86":0,"87":0,"88":0,"89":0,"90":0,"91":0,"92":0,"93":0,"94":0,"95":0,"96":0,"97":0,"98":0,"99":0,"100":0,"101":0,"102":0,"103":0},"f":{"0":0,"1":0,"2":0,"3":0,"4":0,"5":0,"6":0,"7":0,"8":0,"9":0,"10":0,"11":0,"12":0,"13":0,"14":0,"15":0,"16":0,"17":0,"18":0,"19":0,"20":0,"21":0,"22":0,"23":0,"24":0,"25":0,"26":0,"27":0,"28":0,"29":0,"30":0,"31":0,"32":0,"33":0,"34":0,"35":0},"b":{"0":[0,0],"1":[0,0],"2":[0,0],"3":[0,0],"4":[0,0],"5":[0,0],"6":[0],"7":[0,0],"8":[0,0],"9":[0,0,0,0],"10":[0,0],"11":[0,0],"12":[0,0],"13":[0,0],"14":[0,0],"15":[0,0],"16":[0,0],"17":[0,0],"18":[0,0],"19":[0,0],"20":[0,0],"21":[0,0],"22":[0],"23":[0,0]}}
,"C:\\Users\\nimit.jain\\OneDrive - Incedo Technology Solutions Ltd\\Desktop\\605712\\Projects\\Customizable Dashboard\\customizable-dashboard\\src\\Header.js": {"path":"C:\\Users\\nimit.jain\\OneDrive - Incedo Technology Solutions Ltd\\Desktop\\605712\\Projects\\Customizable Dashboard\\customizable-dashboard\\src\\Header.js","statementMap":{"0":{"start":{"line":3,"column":15},"end":{"line":11,"column":1}},"1":{"start":{"line":4,"column":4},"end":{"line":10,"column":6}}},"fnMap":{"0":{"name":"(anonymous_0)","decl":{"start":{"line":3,"column":15},"end":{"line":3,"column":16}},"loc":{"start":{"line":3,"column":37},"end":{"line":11,"column":1}},"line":3}},"branchMap":{},"s":{"0":0,"1":0},"f":{"0":0},"b":{}}
,"C:\\Users\\nimit.jain\\OneDrive - Incedo Technology Solutions Ltd\\Desktop\\605712\\Projects\\Customizable Dashboard\\customizable-dashboard\\src\\PlotlyViewer.js": {"path":"C:\\Users\\nimit.jain\\OneDrive - Incedo Technology Solutions Ltd\\Desktop\\605712\\Projects\\Customizable Dashboard\\customizable-dashboard\\src\\PlotlyViewer.js","statementMap":{"0":{"start":{"line":7,"column":20},"end":{"line":7,"column":28946}},"1":{"start":{"line":9,"column":21},"end":{"line":78,"column":1}},"2":{"start":{"line":11,"column":8},"end":{"line":11,"column":31}},"3":{"start":{"line":12,"column":8},"end":{"line":12,"column":40}},"4":{"start":{"line":13,"column":8},"end":{"line":13,"column":18}},"5":{"start":{"line":16,"column":26},"end":{"line":41,"column":5}},"6":{"start":{"line":17,"column":27},"end":{"line":17,"column":49}},"7":{"start":{"line":18,"column":28},"end":{"line":18,"column":57}},"8":{"start":{"line":19,"column":26},"end":{"line":19,"column":84}},"9":{"start":{"line":20,"column":27},"end":{"line":20,"column":68}},"10":{"start":{"line":21,"column":27},"end":{"line":21,"column":57}},"11":{"start":{"line":22,"column":27},"end":{"line":22,"column":58}},"12":{"start":{"line":23,"column":26},"end":{"line":23,"column":63}},"13":{"start":{"line":25,"column":31},"end":{"line":32,"column":9}},"14":{"start":{"line":34,"column":8},"end":{"line":40,"column":9}},"15":{"start":{"line":35,"column":25},"end":{"line":35,"column":61}},"16":{"start":{"line":36,"column":25},"end":{"line":36,"column":65}},"17":{"start":{"line":37,"column":26},"end":{"line":37,"column":94}},"18":{"start":{"line":38,"column":26},"end":{"line":38,"column":67}},"19":{"start":{"line":39,"column":21},"end":{"line":39,"column":33}},"20":{"start":{"line":43,"column":25},"end":{"line":67,"column":5}},"21":{"start":{"line":44,"column":8},"end":{"line":66,"column":11}},"22":{"start":{"line":45,"column":12},"end":{"line":64,"column":13}},"23":{"start":{"line":46,"column":34},"end":{"line":46,"column":57}},"24":{"start":{"line":47,"column":36},"end":{"line":47,"column":67}},"25":{"start":{"line":48,"column":37},"end":{"line":48,"column":70}},"26":{"start":{"line":49,"column":36},"end":{"line":49,"column":68}},"27":{"start":{"line":50,"column":35},"end":{"line":50,"column":69}},"28":{"start":{"line":52,"column":16},"end":{"line":63,"column":18}},"29":{"start":{"line":58,"column":67},"end":{"line":58,"column":117}},"30":{"start":{"line":65,"column":12},"end":{"line":65,"column":24}},"31":{"start":{"line":69,"column":4},"end":{"line":77,"column":6}}},"fnMap":{"0":{"name":"(anonymous_0)","decl":{"start":{"line":9,"column":21},"end":{"line":9,"column":22}},"loc":{"start":{"line":9,"column":27},"end":{"line":78,"column":1}},"line":9},"1":{"name":"getColWidth","decl":{"start":{"line":10,"column":13},"end":{"line":10,"column":24}},"loc":{"start":{"line":10,"column":33},"end":{"line":14,"column":5}},"line":10},"2":{"name":"(anonymous_2)","decl":{"start":{"line":16,"column":26},"end":{"line":16,"column":27}},"loc":{"start":{"line":16,"column":69},"end":{"line":41,"column":5}},"line":16},"3":{"name":"(anonymous_3)","decl":{"start":{"line":43,"column":25},"end":{"line":43,"column":26}},"loc":{"start":{"line":43,"column":31},"end":{"line":67,"column":5}},"line":43},"4":{"name":"(anonymous_4)","decl":{"start":{"line":44,"column":33},"end":{"line":44,"column":34}},"loc":{"start":{"line":44,"column":50},"end":{"line":66,"column":9}},"line":44},"5":{"name":"(anonymous_5)","decl":{"start":{"line":58,"column":51},"end":{"line":58,"column":52}},"loc":{"start":{"line":58,"column":67},"end":{"line":58,"column":117}},"line":58}},"branchMap":{"0":{"loc":{"start":{"line":11,"column":13},"end":{"line":11,"column":30}},"type":"cond-expr","locations":[{"start":{"line":11,"column":23},"end":{"line":11,"column":25}},{"start":{"line":11,"column":28},"end":{"line":11,"column":30}}],"line":11},"1":{"loc":{"start":{"line":18,"column":28},"end":{"line":18,"column":57}},"type":"binary-expr","locations":[{"start":{"line":18,"column":28},"end":{"line":18,"column":51}},{"start":{"line":18,"column":55},"end":{"line":18,"column":57}}],"line":18},"2":{"loc":{"start":{"line":21,"column":27},"end":{"line":21,"column":57}},"type":"binary-expr","locations":[{"start":{"line":21,"column":27},"end":{"line":21,"column":51}},{"start":{"line":21,"column":55},"end":{"line":21,"column":57}}],"line":21},"3":{"loc":{"start":{"line":22,"column":27},"end":{"line":22,"column":58}},"type":"binary-expr","locations":[{"start":{"line":22,"column":27},"end":{"line":22,"column":51}},{"start":{"line":22,"column":55},"end":{"line":22,"column":58}}],"line":22},"4":{"loc":{"start":{"line":23,"column":26},"end":{"line":23,"column":63}},"type":"binary-expr","locations":[{"start":{"line":23,"column":26},"end":{"line":23,"column":51}},{"start":{"line":23,"column":55},"end":{"line":23,"column":63}}],"line":23},"5":{"loc":{"start":{"line":34,"column":8},"end":{"line":40,"column":9}},"type":"switch","locations":[{"start":{"line":35,"column":12},"end":{"line":35,"column":61}},{"start":{"line":36,"column":12},"end":{"line":36,"column":65}},{"start":{"line":37,"column":12},"end":{"line":37,"column":94}},{"start":{"line":38,"column":12},"end":{"line":38,"column":67}},{"start":{"line":39,"column":12},"end":{"line":39,"column":33}}],"line":34},"6":{"loc":{"start":{"line":45,"column":12},"end":{"line":64,"column":13}},"type":"if","locations":[{"start":{"line":45,"column":12},"end":{"line":64,"column":13}},{"start":{},"end":{}}],"line":45},"7":{"loc":{"start":{"line":47,"column":36},"end":{"line":47,"column":67}},"type":"binary-expr","locations":[{"start":{"line":47,"column":36},"end":{"line":47,"column":61}},{"start":{"line":47,"column":65},"end":{"line":47,"column":67}}],"line":47},"8":{"loc":{"start":{"line":48,"column":37},"end":{"line":48,"column":70}},"type":"binary-expr","locations":[{"start":{"line":48,"column":37},"end":{"line":48,"column":63}},{"start":{"line":48,"column":67},"end":{"line":48,"column":70}}],"line":48},"9":{"loc":{"start":{"line":49,"column":36},"end":{"line":49,"column":68}},"type":"binary-expr","locations":[{"start":{"line":49,"column":36},"end":{"line":49,"column":61}},{"start":{"line":49,"column":65},"end":{"line":49,"column":68}}],"line":49},"10":{"loc":{"start":{"line":56,"column":33},"end":{"line":56,"column":120}},"type":"binary-expr","locations":[{"start":{"line":56,"column":33},"end":{"line":56,"column":44}},{"start":{"line":56,"column":48},"end":{"line":56,"column":120}}],"line":56},"11":{"loc":{"start":{"line":72,"column":17},"end":{"line":74,"column":17}},"type":"cond-expr","locations":[{"start":{"line":72,"column":44},"end":{"line":72,"column":58}},{"start":{"line":73,"column":20},"end":{"line":73,"column":111}}],"line":72}},"s":{"0":0,"1":0,"2":0,"3":0,"4":0,"5":0,"6":0,"7":0,"8":0,"9":0,"10":0,"11":0,"12":0,"13":0,"14":0,"15":0,"16":0,"17":0,"18":0,"19":0,"20":0,"21":0,"22":0,"23":0,"24":0,"25":0,"26":0,"27":0,"28":0,"29":0,"30":0,"31":0},"f":{"0":0,"1":0,"2":0,"3":0,"4":0,"5":0},"b":{"0":[0,0],"1":[0,0],"2":[0,0],"3":[0,0],"4":[0,0],"5":[0,0,0,0,0],"6":[0,0],"7":[0,0],"8":[0,0],"9":[0,0],"10":[0,0],"11":[0,0]}}
,"C:\\Users\\nimit.jain\\OneDrive - Incedo Technology Solutions Ltd\\Desktop\\605712\\Projects\\Customizable Dashboard\\customizable-dashboard\\src\\PlotlyViewerVanilla.js": {"path":"C:\\Users\\nimit.jain\\OneDrive - Incedo Technology Solutions Ltd\\Desktop\\605712\\Projects\\Customizable Dashboard\\customizable-dashboard\\src\\PlotlyViewerVanilla.js","statementMap":{"0":{"start":{"line":3,"column":20},"end":{"line":3,"column":28946}},"1":{"start":{"line":5,"column":28},"end":{"line":276,"column":1}},"2":{"start":{"line":7,"column":8},"end":{"line":7,"column":31}},"3":{"start":{"line":8,"column":8},"end":{"line":8,"column":40}},"4":{"start":{"line":9,"column":8},"end":{"line":9,"column":18}},"5":{"start":{"line":12,"column":4},"end":{"line":271,"column":5}},"6":{"start":{"line":12,"column":17},"end":{"line":12,"column":18}},"7":{"start":{"line":13,"column":24},"end":{"line":13,"column":40}},"8":{"start":{"line":14,"column":8},"end":{"line":270,"column":9}},"9":{"start":{"line":15,"column":29},"end":{"line":15,"column":53}},"10":{"start":{"line":16,"column":31},"end":{"line":16,"column":91}},"11":{"start":{"line":17,"column":32},"end":{"line":17,"column":95}},"12":{"start":{"line":18,"column":31},"end":{"line":18,"column":92}},"13":{"start":{"line":19,"column":25},"end":{"line":19,"column":54}},"14":{"start":{"line":20,"column":30},"end":{"line":20,"column":65}},"15":{"start":{"line":21,"column":12},"end":{"line":21,"column":97}},"16":{"start":{"line":22,"column":29},"end":{"line":22,"column":31}},"17":{"start":{"line":23,"column":12},"end":{"line":26,"column":13}},"18":{"start":{"line":24,"column":16},"end":{"line":24,"column":133}},"19":{"start":{"line":27,"column":12},"end":{"line":27,"column":61}},"20":{"start":{"line":28,"column":29},"end":{"line":28,"column":58}},"21":{"start":{"line":29,"column":12},"end":{"line":29,"column":95}},"22":{"start":{"line":30,"column":33},"end":{"line":30,"column":62}},"23":{"start":{"line":31,"column":12},"end":{"line":31,"column":55}},"24":{"start":{"line":33,"column":31},"end":{"line":33,"column":60}},"25":{"start":{"line":34,"column":12},"end":{"line":34,"column":45}},"26":{"start":{"line":35,"column":12},"end":{"line":35,"column":48}},"27":{"start":{"line":36,"column":12},"end":{"line":36,"column":49}},"28":{"start":{"line":38,"column":28},"end":{"line":38,"column":57}},"29":{"start":{"line":39,"column":12},"end":{"line":39,"column":49}},"30":{"start":{"line":40,"column":31},"end":{"line":40,"column":33}},"31":{"start":{"line":41,"column":12},"end":{"line":261,"column":13}},"32":{"start":{"line":41,"column":25},"end":{"line":41,"column":26}},"33":{"start":{"line":42,"column":31},"end":{"line":42,"column":44}},"34":{"start":{"line":43,"column":35},"end":{"line":43,"column":58}},"35":{"start":{"line":44,"column":35},"end":{"line":44,"column":91}},"36":{"start":{"line":45,"column":33},"end":{"line":45,"column":93}},"37":{"start":{"line":46,"column":34},"end":{"line":46,"column":69}},"38":{"start":{"line":47,"column":34},"end":{"line":47,"column":92}},"39":{"start":{"line":48,"column":34},"end":{"line":48,"column":93}},"40":{"start":{"line":49,"column":16},"end":{"line":141,"column":17}},"41":{"start":{"line":50,"column":36},"end":{"line":50,"column":59}},"42":{"start":{"line":51,"column":40},"end":{"line":51,"column":66}},"43":{"start":{"line":52,"column":34},"end":{"line":52,"column":54}},"44":{"start":{"line":53,"column":20},"end":{"line":53,"column":65}},"45":{"start":{"line":55,"column":37},"end":{"line":55,"column":109}},"46":{"start":{"line":56,"column":41},"end":{"line":56,"column":111}},"47":{"start":{"line":57,"column":43},"end":{"line":57,"column":117}},"48":{"start":{"line":58,"column":39},"end":{"line":58,"column":106}},"49":{"start":{"line":59,"column":39},"end":{"line":59,"column":105}},"50":{"start":{"line":60,"column":39},"end":{"line":60,"column":105}},"51":{"start":{"line":61,"column":39},"end":{"line":61,"column":105}},"52":{"start":{"line":62,"column":39},"end":{"line":62,"column":120}},"53":{"start":{"line":63,"column":38},"end":{"line":63,"column":187}},"54":{"start":{"line":65,"column":37},"end":{"line":65,"column":88}},"55":{"start":{"line":66,"column":36},"end":{"line":66,"column":105}},"56":{"start":{"line":67,"column":20},"end":{"line":67,"column":96}},"57":{"start":{"line":69,"column":38},"end":{"line":69,"column":111}},"58":{"start":{"line":70,"column":20},"end":{"line":70,"column":106}},"59":{"start":{"line":72,"column":39},"end":{"line":72,"column":114}},"60":{"start":{"line":73,"column":20},"end":{"line":73,"column":101}},"61":{"start":{"line":74,"column":20},"end":{"line":74,"column":101}},"62":{"start":{"line":75,"column":42},"end":{"line":75,"column":70}},"63":{"start":{"line":76,"column":35},"end":{"line":76,"column":109}},"64":{"start":{"line":77,"column":38},"end":{"line":77,"column":111}},"65":{"start":{"line":78,"column":39},"end":{"line":78,"column":114}},"66":{"start":{"line":79,"column":36},"end":{"line":79,"column":105}},"67":{"start":{"line":80,"column":39},"end":{"line":80,"column":97}},"68":{"start":{"line":82,"column":32},"end":{"line":82,"column":61}},"69":{"start":{"line":83,"column":20},"end":{"line":83,"column":77}},"70":{"start":{"line":84,"column":32},"end":{"line":84,"column":61}},"71":{"start":{"line":85,"column":20},"end":{"line":85,"column":81}},"72":{"start":{"line":86,"column":20},"end":{"line":86,"column":58}},"73":{"start":{"line":87,"column":38},"end":{"line":87,"column":67}},"74":{"start":{"line":88,"column":20},"end":{"line":88,"column":85}},"75":{"start":{"line":89,"column":20},"end":{"line":89,"column":70}},"76":{"start":{"line":90,"column":38},"end":{"line":90,"column":40}},"77":{"start":{"line":91,"column":20},"end":{"line":91,"column":65}},"78":{"start":{"line":92,"column":20},"end":{"line":92,"column":116}},"79":{"start":{"line":92,"column":45},"end":{"line":92,"column":114}},"80":{"start":{"line":93,"column":20},"end":{"line":93,"column":87}},"81":{"start":{"line":94,"column":20},"end":{"line":94,"column":67}},"82":{"start":{"line":95,"column":20},"end":{"line":95,"column":91}},"83":{"start":{"line":96,"column":20},"end":{"line":96,"column":43}},"84":{"start":{"line":97,"column":20},"end":{"line":97,"column":55}},"85":{"start":{"line":98,"column":36},"end":{"line":98,"column":65}},"86":{"start":{"line":99,"column":20},"end":{"line":99,"column":83}},"87":{"start":{"line":100,"column":32},"end":{"line":100,"column":61}},"88":{"start":{"line":101,"column":20},"end":{"line":101,"column":49}},"89":{"start":{"line":102,"column":20},"end":{"line":102,"column":64}},"90":{"start":{"line":103,"column":36},"end":{"line":103,"column":127}},"91":{"start":{"line":104,"column":20},"end":{"line":106,"column":21}},"92":{"start":{"line":105,"column":24},"end":{"line":105,"column":146}},"93":{"start":{"line":107,"column":20},"end":{"line":115,"column":21}},"94":{"start":{"line":109,"column":24},"end":{"line":109,"column":134}},"95":{"start":{"line":110,"column":24},"end":{"line":110,"column":150}},"96":{"start":{"line":113,"column":24},"end":{"line":113,"column":139}},"97":{"start":{"line":114,"column":24},"end":{"line":114,"column":139}},"98":{"start":{"line":116,"column":20},"end":{"line":116,"column":47}},"99":{"start":{"line":117,"column":38},"end":{"line":117,"column":67}},"100":{"start":{"line":118,"column":20},"end":{"line":118,"column":86}},"101":{"start":{"line":119,"column":20},"end":{"line":119,"column":70}},"102":{"start":{"line":120,"column":38},"end":{"line":120,"column":40}},"103":{"start":{"line":124,"column":20},"end":{"line":126,"column":21}},"104":{"start":{"line":125,"column":24},"end":{"line":125,"column":154}},"105":{"start":{"line":127,"column":20},"end":{"line":129,"column":21}},"106":{"start":{"line":128,"column":24},"end":{"line":128,"column":154}},"107":{"start":{"line":130,"column":20},"end":{"line":132,"column":21}},"108":{"start":{"line":131,"column":24},"end":{"line":131,"column":154}},"109":{"start":{"line":133,"column":20},"end":{"line":133,"column":145}},"110":{"start":{"line":133,"column":43},"end":{"line":133,"column":143}},"111":{"start":{"line":134,"column":20},"end":{"line":134,"column":55}},"112":{"start":{"line":135,"column":20},"end":{"line":135,"column":48}},"113":{"start":{"line":136,"column":20},"end":{"line":136,"column":50}},"114":{"start":{"line":137,"column":20},"end":{"line":137,"column":48}},"115":{"start":{"line":138,"column":20},"end":{"line":138,"column":50}},"116":{"start":{"line":139,"column":20},"end":{"line":139,"column":44}},"117":{"start":{"line":140,"column":20},"end":{"line":140,"column":48}},"118":{"start":{"line":142,"column":16},"end":{"line":171,"column":17}},"119":{"start":{"line":143,"column":36},"end":{"line":143,"column":59}},"120":{"start":{"line":144,"column":37},"end":{"line":144,"column":97}},"121":{"start":{"line":145,"column":38},"end":{"line":145,"column":73}},"122":{"start":{"line":146,"column":20},"end":{"line":146,"column":65}},"123":{"start":{"line":147,"column":32},"end":{"line":147,"column":61}},"124":{"start":{"line":148,"column":37},"end":{"line":148,"column":103}},"125":{"start":{"line":151,"column":20},"end":{"line":151,"column":57}},"126":{"start":{"line":153,"column":20},"end":{"line":153,"column":77}},"127":{"start":{"line":155,"column":32},"end":{"line":155,"column":61}},"128":{"start":{"line":156,"column":20},"end":{"line":156,"column":81}},"129":{"start":{"line":157,"column":20},"end":{"line":157,"column":58}},"130":{"start":{"line":158,"column":36},"end":{"line":158,"column":65}},"131":{"start":{"line":159,"column":20},"end":{"line":159,"column":95}},"132":{"start":{"line":160,"column":32},"end":{"line":160,"column":61}},"133":{"start":{"line":161,"column":20},"end":{"line":161,"column":49}},"134":{"start":{"line":162,"column":20},"end":{"line":162,"column":45}},"135":{"start":{"line":163,"column":36},"end":{"line":163,"column":126}},"136":{"start":{"line":164,"column":20},"end":{"line":164,"column":113}},"137":{"start":{"line":165,"column":20},"end":{"line":165,"column":47}},"138":{"start":{"line":166,"column":20},"end":{"line":166,"column":48}},"139":{"start":{"line":167,"column":20},"end":{"line":167,"column":48}},"140":{"start":{"line":168,"column":20},"end":{"line":168,"column":44}},"141":{"start":{"line":169,"column":20},"end":{"line":169,"column":48}},"142":{"start":{"line":172,"column":16},"end":{"line":198,"column":17}},"143":{"start":{"line":173,"column":36},"end":{"line":173,"column":59}},"144":{"start":{"line":174,"column":37},"end":{"line":174,"column":97}},"145":{"start":{"line":175,"column":38},"end":{"line":175,"column":73}},"146":{"start":{"line":177,"column":32},"end":{"line":177,"column":61}},"147":{"start":{"line":178,"column":20},"end":{"line":178,"column":77}},"148":{"start":{"line":179,"column":32},"end":{"line":179,"column":61}},"149":{"start":{"line":180,"column":20},"end":{"line":180,"column":81}},"150":{"start":{"line":181,"column":36},"end":{"line":181,"column":65}},"151":{"start":{"line":182,"column":20},"end":{"line":182,"column":57}},"152":{"start":{"line":183,"column":33},"end":{"line":183,"column":62}},"153":{"start":{"line":184,"column":20},"end":{"line":184,"column":43}},"154":{"start":{"line":185,"column":20},"end":{"line":185,"column":53}},"155":{"start":{"line":186,"column":20},"end":{"line":186,"column":49}},"156":{"start":{"line":187,"column":20},"end":{"line":187,"column":48}},"157":{"start":{"line":188,"column":20},"end":{"line":188,"column":44}},"158":{"start":{"line":189,"column":20},"end":{"line":189,"column":48}},"159":{"start":{"line":190,"column":20},"end":{"line":190,"column":88}},"160":{"start":{"line":190,"column":46},"end":{"line":190,"column":86}},"161":{"start":{"line":191,"column":20},"end":{"line":191,"column":57}},"162":{"start":{"line":192,"column":20},"end":{"line":192,"column":58}},"163":{"start":{"line":193,"column":20},"end":{"line":193,"column":50}},"164":{"start":{"line":194,"column":20},"end":{"line":194,"column":82}},"165":{"start":{"line":195,"column":29},"end":{"line":195,"column":50}},"166":{"start":{"line":196,"column":20},"end":{"line":196,"column":56}},"167":{"start":{"line":197,"column":20},"end":{"line":197,"column":57}},"168":{"start":{"line":199,"column":16},"end":{"line":260,"column":17}},"169":{"start":{"line":200,"column":36},"end":{"line":200,"column":59}},"170":{"start":{"line":201,"column":20},"end":{"line":256,"column":21}},"171":{"start":{"line":202,"column":41},"end":{"line":202,"column":101}},"172":{"start":{"line":203,"column":42},"end":{"line":203,"column":77}},"173":{"start":{"line":204,"column":36},"end":{"line":204,"column":65}},"174":{"start":{"line":205,"column":24},"end":{"line":205,"column":81}},"175":{"start":{"line":206,"column":36},"end":{"line":206,"column":65}},"176":{"start":{"line":207,"column":24},"end":{"line":207,"column":85}},"177":{"start":{"line":208,"column":40},"end":{"line":208,"column":69}},"178":{"start":{"line":209,"column":24},"end":{"line":209,"column":61}},"179":{"start":{"line":210,"column":47},"end":{"line":210,"column":76}},"180":{"start":{"line":211,"column":24},"end":{"line":211,"column":71}},"181":{"start":{"line":212,"column":24},"end":{"line":212,"column":83}},"182":{"start":{"line":213,"column":40},"end":{"line":213,"column":92}},"183":{"start":{"line":215,"column":24},"end":{"line":240,"column":25}},"184":{"start":{"line":216,"column":41},"end":{"line":216,"column":72}},"185":{"start":{"line":217,"column":28},"end":{"line":217,"column":51}},"186":{"start":{"line":218,"column":28},"end":{"line":218,"column":71}},"187":{"start":{"line":219,"column":45},"end":{"line":219,"column":51}},"188":{"start":{"line":220,"column":47},"end":{"line":220,"column":72}},"189":{"start":{"line":221,"column":45},"end":{"line":221,"column":68}},"190":{"start":{"line":223,"column":28},"end":{"line":223,"column":48}},"191":{"start":{"line":224,"column":28},"end":{"line":226,"column":29}},"192":{"start":{"line":224,"column":42},"end":{"line":224,"column":43}},"193":{"start":{"line":225,"column":32},"end":{"line":225,"column":93}},"194":{"start":{"line":227,"column":28},"end":{"line":227,"column":49}},"195":{"start":{"line":228,"column":28},"end":{"line":234,"column":29}},"196":{"start":{"line":228,"column":42},"end":{"line":228,"column":43}},"197":{"start":{"line":229,"column":32},"end":{"line":229,"column":52}},"198":{"start":{"line":230,"column":32},"end":{"line":232,"column":33}},"199":{"start":{"line":230,"column":46},"end":{"line":230,"column":47}},"200":{"start":{"line":231,"column":36},"end":{"line":231,"column":99}},"201":{"start":{"line":233,"column":32},"end":{"line":233,"column":53}},"202":{"start":{"line":235,"column":28},"end":{"line":235,"column":57}},"203":{"start":{"line":238,"column":28},"end":{"line":238,"column":67}},"204":{"start":{"line":239,"column":28},"end":{"line":239,"column":65}},"205":{"start":{"line":241,"column":24},"end":{"line":241,"column":60}},"206":{"start":{"line":242,"column":24},"end":{"line":242,"column":60}},"207":{"start":{"line":244,"column":24},"end":{"line":244,"column":63}},"208":{"start":{"line":245,"column":24},"end":{"line":245,"column":52}},"209":{"start":{"line":246,"column":24},"end":{"line":246,"column":48}},"210":{"start":{"line":247,"column":24},"end":{"line":247,"column":52}},"211":{"start":{"line":248,"column":24},"end":{"line":248,"column":92}},"212":{"start":{"line":248,"column":50},"end":{"line":248,"column":90}},"213":{"start":{"line":249,"column":24},"end":{"line":249,"column":61}},"214":{"start":{"line":250,"column":24},"end":{"line":250,"column":62}},"215":{"start":{"line":251,"column":24},"end":{"line":251,"column":54}},"216":{"start":{"line":252,"column":24},"end":{"line":252,"column":86}},"217":{"start":{"line":262,"column":12},"end":{"line":268,"column":13}},"218":{"start":{"line":263,"column":16},"end":{"line":263,"column":84}},"219":{"start":{"line":263,"column":42},"end":{"line":263,"column":82}},"220":{"start":{"line":264,"column":16},"end":{"line":264,"column":53}},"221":{"start":{"line":265,"column":16},"end":{"line":265,"column":54}},"222":{"start":{"line":266,"column":16},"end":{"line":266,"column":46}},"223":{"start":{"line":267,"column":16},"end":{"line":267,"column":77}},"224":{"start":{"line":272,"column":4},"end":{"line":274,"column":5}},"225":{"start":{"line":273,"column":8},"end":{"line":273,"column":152}},"226":{"start":{"line":275,"column":4},"end":{"line":275,"column":129}}},"fnMap":{"0":{"name":"(anonymous_0)","decl":{"start":{"line":5,"column":28},"end":{"line":5,"column":29}},"loc":{"start":{"line":5,"column":34},"end":{"line":276,"column":1}},"line":5},"1":{"name":"getColWidth","decl":{"start":{"line":6,"column":13},"end":{"line":6,"column":24}},"loc":{"start":{"line":6,"column":33},"end":{"line":10,"column":5}},"line":6}},"branchMap":{"0":{"loc":{"start":{"line":7,"column":13},"end":{"line":7,"column":30}},"type":"cond-expr","locations":[{"start":{"line":7,"column":23},"end":{"line":7,"column":25}},{"start":{"line":7,"column":28},"end":{"line":7,"column":30}}],"line":7},"1":{"loc":{"start":{"line":14,"column":8},"end":{"line":270,"column":9}},"type":"if","locations":[{"start":{"line":14,"column":8},"end":{"line":270,"column":9}},{"start":{},"end":{}}],"line":14},"2":{"loc":{"start":{"line":16,"column":31},"end":{"line":16,"column":91}},"type":"cond-expr","locations":[{"start":{"line":16,"column":60},"end":{"line":16,"column":86}},{"start":{"line":16,"column":89},"end":{"line":16,"column":91}}],"line":16},"3":{"loc":{"start":{"line":17,"column":32},"end":{"line":17,"column":95}},"type":"cond-expr","locations":[{"start":{"line":17,"column":62},"end":{"line":17,"column":89}},{"start":{"line":17,"column":92},"end":{"line":17,"column":95}}],"line":17},"4":{"loc":{"start":{"line":18,"column":31},"end":{"line":18,"column":92}},"type":"cond-expr","locations":[{"start":{"line":18,"column":60},"end":{"line":18,"column":86}},{"start":{"line":18,"column":89},"end":{"line":18,"column":92}}],"line":18},"5":{"loc":{"start":{"line":23,"column":12},"end":{"line":26,"column":13}},"type":"if","locations":[{"start":{"line":23,"column":12},"end":{"line":26,"column":13}},{"start":{},"end":{}}],"line":23},"6":{"loc":{"start":{"line":24,"column":29},"end":{"line":24,"column":133}},"type":"cond-expr","locations":[{"start":{"line":24,"column":71},"end":{"line":24,"column":128}},{"start":{"line":24,"column":131},"end":{"line":24,"column":133}}],"line":24},"7":{"loc":{"start":{"line":44,"column":35},"end":{"line":44,"column":91}},"type":"cond-expr","locations":[{"start":{"line":44,"column":62},"end":{"line":44,"column":86}},{"start":{"line":44,"column":89},"end":{"line":44,"column":91}}],"line":44},"8":{"loc":{"start":{"line":47,"column":34},"end":{"line":47,"column":92}},"type":"cond-expr","locations":[{"start":{"line":47,"column":62},"end":{"line":47,"column":87}},{"start":{"line":47,"column":90},"end":{"line":47,"column":92}}],"line":47},"9":{"loc":{"start":{"line":48,"column":34},"end":{"line":48,"column":93}},"type":"cond-expr","locations":[{"start":{"line":48,"column":62},"end":{"line":48,"column":87}},{"start":{"line":48,"column":90},"end":{"line":48,"column":93}}],"line":48},"10":{"loc":{"start":{"line":49,"column":16},"end":{"line":141,"column":17}},"type":"if","locations":[{"start":{"line":49,"column":16},"end":{"line":141,"column":17}},{"start":{},"end":{}}],"line":49},"11":{"loc":{"start":{"line":55,"column":37},"end":{"line":55,"column":109}},"type":"cond-expr","locations":[{"start":{"line":55,"column":67},"end":{"line":55,"column":94}},{"start":{"line":55,"column":97},"end":{"line":55,"column":109}}],"line":55},"12":{"loc":{"start":{"line":56,"column":41},"end":{"line":56,"column":111}},"type":"cond-expr","locations":[{"start":{"line":56,"column":75},"end":{"line":56,"column":106}},{"start":{"line":56,"column":109},"end":{"line":56,"column":111}}],"line":56},"13":{"loc":{"start":{"line":57,"column":43},"end":{"line":57,"column":117}},"type":"cond-expr","locations":[{"start":{"line":57,"column":79},"end":{"line":57,"column":112}},{"start":{"line":57,"column":115},"end":{"line":57,"column":117}}],"line":57},"14":{"loc":{"start":{"line":58,"column":39},"end":{"line":58,"column":106}},"type":"cond-expr","locations":[{"start":{"line":58,"column":71},"end":{"line":58,"column":100}},{"start":{"line":58,"column":103},"end":{"line":58,"column":106}}],"line":58},"15":{"loc":{"start":{"line":59,"column":39},"end":{"line":59,"column":105}},"type":"cond-expr","locations":[{"start":{"line":59,"column":71},"end":{"line":59,"column":100}},{"start":{"line":59,"column":103},"end":{"line":59,"column":105}}],"line":59},"16":{"loc":{"start":{"line":60,"column":39},"end":{"line":60,"column":105}},"type":"cond-expr","locations":[{"start":{"line":60,"column":71},"end":{"line":60,"column":100}},{"start":{"line":60,"column":103},"end":{"line":60,"column":105}}],"line":60},"17":{"loc":{"start":{"line":61,"column":39},"end":{"line":61,"column":105}},"type":"cond-expr","locations":[{"start":{"line":61,"column":71},"end":{"line":61,"column":100}},{"start":{"line":61,"column":103},"end":{"line":61,"column":105}}],"line":61},"18":{"loc":{"start":{"line":62,"column":39},"end":{"line":62,"column":120}},"type":"cond-expr","locations":[{"start":{"line":62,"column":71},"end":{"line":62,"column":100}},{"start":{"line":62,"column":103},"end":{"line":62,"column":120}}],"line":62},"19":{"loc":{"start":{"line":63,"column":38},"end":{"line":63,"column":187}},"type":"cond-expr","locations":[{"start":{"line":63,"column":69},"end":{"line":63,"column":97}},{"start":{"line":63,"column":100},"end":{"line":63,"column":187}}],"line":63},"20":{"loc":{"start":{"line":66,"column":36},"end":{"line":66,"column":105}},"type":"cond-expr","locations":[{"start":{"line":66,"column":78},"end":{"line":66,"column":100}},{"start":{"line":66,"column":103},"end":{"line":66,"column":105}}],"line":66},"21":{"loc":{"start":{"line":67,"column":32},"end":{"line":67,"column":96}},"type":"cond-expr","locations":[{"start":{"line":67,"column":58},"end":{"line":67,"column":67}},{"start":{"line":67,"column":70},"end":{"line":67,"column":96}}],"line":67},"22":{"loc":{"start":{"line":69,"column":38},"end":{"line":69,"column":111}},"type":"cond-expr","locations":[{"start":{"line":69,"column":82},"end":{"line":69,"column":106}},{"start":{"line":69,"column":109},"end":{"line":69,"column":111}}],"line":69},"23":{"loc":{"start":{"line":70,"column":34},"end":{"line":70,"column":106}},"type":"cond-expr","locations":[{"start":{"line":70,"column":62},"end":{"line":70,"column":73}},{"start":{"line":70,"column":76},"end":{"line":70,"column":106}}],"line":70},"24":{"loc":{"start":{"line":72,"column":39},"end":{"line":72,"column":114}},"type":"cond-expr","locations":[{"start":{"line":72,"column":84},"end":{"line":72,"column":109}},{"start":{"line":72,"column":112},"end":{"line":72,"column":114}}],"line":72},"25":{"loc":{"start":{"line":73,"column":35},"end":{"line":73,"column":101}},"type":"cond-expr","locations":[{"start":{"line":73,"column":59},"end":{"line":73,"column":71}},{"start":{"line":73,"column":74},"end":{"line":73,"column":101}}],"line":73},"26":{"loc":{"start":{"line":74,"column":35},"end":{"line":74,"column":101}},"type":"cond-expr","locations":[{"start":{"line":74,"column":59},"end":{"line":74,"column":71}},{"start":{"line":74,"column":74},"end":{"line":74,"column":101}}],"line":74},"27":{"loc":{"start":{"line":76,"column":35},"end":{"line":76,"column":109}},"type":"cond-expr","locations":[{"start":{"line":76,"column":76},"end":{"line":76,"column":104}},{"start":{"line":76,"column":107},"end":{"line":76,"column":109}}],"line":76},"28":{"loc":{"start":{"line":77,"column":38},"end":{"line":77,"column":111}},"type":"cond-expr","locations":[{"start":{"line":77,"column":82},"end":{"line":77,"column":106}},{"start":{"line":77,"column":109},"end":{"line":77,"column":111}}],"line":77},"29":{"loc":{"start":{"line":78,"column":39},"end":{"line":78,"column":114}},"type":"cond-expr","locations":[{"start":{"line":78,"column":84},"end":{"line":78,"column":109}},{"start":{"line":78,"column":112},"end":{"line":78,"column":114}}],"line":78},"30":{"loc":{"start":{"line":79,"column":36},"end":{"line":79,"column":105}},"type":"cond-expr","locations":[{"start":{"line":79,"column":78},"end":{"line":79,"column":100}},{"start":{"line":79,"column":103},"end":{"line":79,"column":105}}],"line":79},"31":{"loc":{"start":{"line":80,"column":39},"end":{"line":80,"column":97}},"type":"cond-expr","locations":[{"start":{"line":80,"column":76},"end":{"line":80,"column":92}},{"start":{"line":80,"column":95},"end":{"line":80,"column":97}}],"line":80},"32":{"loc":{"start":{"line":92,"column":20},"end":{"line":92,"column":116}},"type":"if","locations":[{"start":{"line":92,"column":20},"end":{"line":92,"column":116}},{"start":{},"end":{}}],"line":92},"33":{"loc":{"start":{"line":104,"column":20},"end":{"line":106,"column":21}},"type":"if","locations":[{"start":{"line":104,"column":20},"end":{"line":106,"column":21}},{"start":{},"end":{}}],"line":104},"34":{"loc":{"start":{"line":107,"column":20},"end":{"line":115,"column":21}},"type":"if","locations":[{"start":{"line":107,"column":20},"end":{"line":115,"column":21}},{"start":{"line":112,"column":25},"end":{"line":115,"column":21}}],"line":107},"35":{"loc":{"start":{"line":124,"column":20},"end":{"line":126,"column":21}},"type":"if","locations":[{"start":{"line":124,"column":20},"end":{"line":126,"column":21}},{"start":{},"end":{}}],"line":124},"36":{"loc":{"start":{"line":127,"column":20},"end":{"line":129,"column":21}},"type":"if","locations":[{"start":{"line":127,"column":20},"end":{"line":129,"column":21}},{"start":{},"end":{}}],"line":127},"37":{"loc":{"start":{"line":130,"column":20},"end":{"line":132,"column":21}},"type":"if","locations":[{"start":{"line":130,"column":20},"end":{"line":132,"column":21}},{"start":{},"end":{}}],"line":130},"38":{"loc":{"start":{"line":133,"column":20},"end":{"line":133,"column":145}},"type":"if","locations":[{"start":{"line":133,"column":20},"end":{"line":133,"column":145}},{"start":{},"end":{}}],"line":133},"39":{"loc":{"start":{"line":142,"column":16},"end":{"line":171,"column":17}},"type":"if","locations":[{"start":{"line":142,"column":16},"end":{"line":171,"column":17}},{"start":{},"end":{}}],"line":142},"40":{"loc":{"start":{"line":148,"column":37},"end":{"line":148,"column":103}},"type":"cond-expr","locations":[{"start":{"line":148,"column":66},"end":{"line":148,"column":92}},{"start":{"line":148,"column":95},"end":{"line":148,"column":103}}],"line":148},"41":{"loc":{"start":{"line":172,"column":16},"end":{"line":198,"column":17}},"type":"if","locations":[{"start":{"line":172,"column":16},"end":{"line":198,"column":17}},{"start":{},"end":{}}],"line":172},"42":{"loc":{"start":{"line":190,"column":20},"end":{"line":190,"column":88}},"type":"if","locations":[{"start":{"line":190,"column":20},"end":{"line":190,"column":88}},{"start":{},"end":{}}],"line":190},"43":{"loc":{"start":{"line":199,"column":16},"end":{"line":260,"column":17}},"type":"if","locations":[{"start":{"line":199,"column":16},"end":{"line":260,"column":17}},{"start":{},"end":{}}],"line":199},"44":{"loc":{"start":{"line":213,"column":40},"end":{"line":213,"column":92}},"type":"cond-expr","locations":[{"start":{"line":213,"column":65},"end":{"line":213,"column":87}},{"start":{"line":213,"column":90},"end":{"line":213,"column":92}}],"line":213},"45":{"loc":{"start":{"line":215,"column":24},"end":{"line":240,"column":25}},"type":"if","locations":[{"start":{"line":215,"column":24},"end":{"line":240,"column":25}},{"start":{"line":237,"column":29},"end":{"line":240,"column":25}}],"line":215},"46":{"loc":{"start":{"line":248,"column":24},"end":{"line":248,"column":92}},"type":"if","locations":[{"start":{"line":248,"column":24},"end":{"line":248,"column":92}},{"start":{},"end":{}}],"line":248},"47":{"loc":{"start":{"line":262,"column":12},"end":{"line":268,"column":13}},"type":"if","locations":[{"start":{"line":262,"column":12},"end":{"line":268,"column":13}},{"start":{},"end":{}}],"line":262},"48":{"loc":{"start":{"line":263,"column":16},"end":{"line":263,"column":84}},"type":"if","locations":[{"start":{"line":263,"column":16},"end":{"line":263,"column":84}},{"start":{},"end":{}}],"line":263},"49":{"loc":{"start":{"line":272,"column":4},"end":{"line":274,"column":5}},"type":"if","locations":[{"start":{"line":272,"column":4},"end":{"line":274,"column":5}},{"start":{},"end":{}}],"line":272}},"s":{"0":0,"1":0,"2":0,"3":0,"4":0,"5":0,"6":0,"7":0,"8":0,"9":0,"10":0,"11":0,"12":0,"13":0,"14":0,"15":0,"16":0,"17":0,"18":0,"19":0,"20":0,"21":0,"22":0,"23":0,"24":0,"25":0,"26":0,"27":0,"28":0,"29":0,"30":0,"31":0,"32":0,"33":0,"34":0,"35":0,"36":0,"37":0,"38":0,"39":0,"40":0,"41":0,"42":0,"43":0,"44":0,"45":0,"46":0,"47":0,"48":0,"49":0,"50":0,"51":0,"52":0,"53":0,"54":0,"55":0,"56":0,"57":0,"58":0,"59":0,"60":0,"61":0,"62":0,"63":0,"64":0,"65":0,"66":0,"67":0,"68":0,"69":0,"70":0,"71":0,"72":0,"73":0,"74":0,"75":0,"76":0,"77":0,"78":0,"79":0,"80":0,"81":0,"82":0,"83":0,"84":0,"85":0,"86":0,"87":0,"88":0,"89":0,"90":0,"91":0,"92":0,"93":0,"94":0,"95":0,"96":0,"97":0,"98":0,"99":0,"100":0,"101":0,"102":0,"103":0,"104":0,"105":0,"106":0,"107":0,"108":0,"109":0,"110":0,"111":0,"112":0,"113":0,"114":0,"115":0,"116":0,"117":0,"118":0,"119":0,"120":0,"121":0,"122":0,"123":0,"124":0,"125":0,"126":0,"127":0,"128":0,"129":0,"130":0,"131":0,"132":0,"133":0,"134":0,"135":0,"136":0,"137":0,"138":0,"139":0,"140":0,"141":0,"142":0,"143":0,"144":0,"145":0,"146":0,"147":0,"148":0,"149":0,"150":0,"151":0,"152":0,"153":0,"154":0,"155":0,"156":0,"157":0,"158":0,"159":0,"160":0,"161":0,"162":0,"163":0,"164":0,"165":0,"166":0,"167":0,"168":0,"169":0,"170":0,"171":0,"172":0,"173":0,"174":0,"175":0,"176":0,"177":0,"178":0,"179":0,"180":0,"181":0,"182":0,"183":0,"184":0,"185":0,"186":0,"187":0,"188":0,"189":0,"190":0,"191":0,"192":0,"193":0,"194":0,"195":0,"196":0,"197":0,"198":0,"199":0,"200":0,"201":0,"202":0,"203":0,"204":0,"205":0,"206":0,"207":0,"208":0,"209":0,"210":0,"211":0,"212":0,"213":0,"214":0,"215":0,"216":0,"217":0,"218":0,"219":0,"220":0,"221":0,"222":0,"223":0,"224":0,"225":0,"226":0},"f":{"0":0,"1":0},"b":{"0":[0,0],"1":[0,0],"2":[0,0],"3":[0,0],"4":[0,0],"5":[0,0],"6":[0,0],"7":[0,0],"8":[0,0],"9":[0,0],"10":[0,0],"11":[0,0],"12":[0,0],"13":[0,0],"14":[0,0],"15":[0,0],"16":[0,0],"17":[0,0],"18":[0,0],"19":[0,0],"20":[0,0],"21":[0,0],"22":[0,0],"23":[0,0],"24":[0,0],"25":[0,0],"26":[0,0],"27":[0,0],"28":[0,0],"29":[0,0],"30":[0,0],"31":[0,0],"32":[0,0],"33":[0,0],"34":[0,0],"35":[0,0],"36":[0,0],"37":[0,0],"38":[0,0],"39":[0,0],"40":[0,0],"41":[0,0],"42":[0,0],"43":[0,0],"44":[0,0],"45":[0,0],"46":[0,0],"47":[0,0],"48":[0,0],"49":[0,0]}}
,"C:\\Users\\nimit.jain\\OneDrive - Incedo Technology Solutions Ltd\\Desktop\\605712\\Projects\\Customizable Dashboard\\customizable-dashboard\\src\\StyleFormatter.js": {"path":"C:\\Users\\nimit.jain\\OneDrive - Incedo Technology Solutions Ltd\\Desktop\\605712\\Projects\\Customizable Dashboard\\customizable-dashboard\\src\\StyleFormatter.js","statementMap":{"0":{"start":{"line":3,"column":23},"end":{"line":110,"column":1}},"1":{"start":{"line":4,"column":4},"end":{"line":4,"column":30}},"2":{"start":{"line":5,"column":42},"end":{"line":5,"column":56}},"3":{"start":{"line":7,"column":4},"end":{"line":11,"column":24}},"4":{"start":{"line":8,"column":8},"end":{"line":10,"column":9}},"5":{"start":{"line":9,"column":12},"end":{"line":9,"column":33}},"6":{"start":{"line":13,"column":35},"end":{"line":16,"column":5}},"7":{"start":{"line":14,"column":8},"end":{"line":14,"column":37}},"8":{"start":{"line":15,"column":8},"end":{"line":15,"column":79}},"9":{"start":{"line":18,"column":4},"end":{"line":109,"column":6}},"10":{"start":{"line":25,"column":37},"end":{"line":25,"column":80}},"11":{"start":{"line":37,"column":37},"end":{"line":37,"column":80}},"12":{"start":{"line":46,"column":37},"end":{"line":46,"column":79}},"13":{"start":{"line":58,"column":37},"end":{"line":58,"column":79}},"14":{"start":{"line":69,"column":37},"end":{"line":69,"column":81}},"15":{"start":{"line":80,"column":37},"end":{"line":80,"column":80}},"16":{"start":{"line":103,"column":37},"end":{"line":103,"column":86}}},"fnMap":{"0":{"name":"(anonymous_0)","decl":{"start":{"line":3,"column":23},"end":{"line":3,"column":24}},"loc":{"start":{"line":3,"column":79},"end":{"line":110,"column":1}},"line":3},"1":{"name":"(anonymous_1)","decl":{"start":{"line":7,"column":14},"end":{"line":7,"column":15}},"loc":{"start":{"line":7,"column":20},"end":{"line":11,"column":5}},"line":7},"2":{"name":"(anonymous_2)","decl":{"start":{"line":13,"column":35},"end":{"line":13,"column":36}},"loc":{"start":{"line":13,"column":41},"end":{"line":16,"column":5}},"line":13},"3":{"name":"(anonymous_3)","decl":{"start":{"line":25,"column":30},"end":{"line":25,"column":31}},"loc":{"start":{"line":25,"column":37},"end":{"line":25,"column":80}},"line":25},"4":{"name":"(anonymous_4)","decl":{"start":{"line":37,"column":30},"end":{"line":37,"column":31}},"loc":{"start":{"line":37,"column":37},"end":{"line":37,"column":80}},"line":37},"5":{"name":"(anonymous_5)","decl":{"start":{"line":46,"column":30},"end":{"line":46,"column":31}},"loc":{"start":{"line":46,"column":37},"end":{"line":46,"column":79}},"line":46},"6":{"name":"(anonymous_6)","decl":{"start":{"line":58,"column":30},"end":{"line":58,"column":31}},"loc":{"start":{"line":58,"column":37},"end":{"line":58,"column":79}},"line":58},"7":{"name":"(anonymous_7)","decl":{"start":{"line":69,"column":30},"end":{"line":69,"column":31}},"loc":{"start":{"line":69,"column":37},"end":{"line":69,"column":81}},"line":69},"8":{"name":"(anonymous_8)","decl":{"start":{"line":80,"column":30},"end":{"line":80,"column":31}},"loc":{"start":{"line":80,"column":37},"end":{"line":80,"column":80}},"line":80},"9":{"name":"(anonymous_9)","decl":{"start":{"line":103,"column":30},"end":{"line":103,"column":31}},"loc":{"start":{"line":103,"column":37},"end":{"line":103,"column":86}},"line":103}},"branchMap":{"0":{"loc":{"start":{"line":8,"column":8},"end":{"line":10,"column":9}},"type":"if","locations":[{"start":{"line":8,"column":8},"end":{"line":10,"column":9}},{"start":{},"end":{}}],"line":8},"1":{"loc":{"start":{"line":15,"column":36},"end":{"line":15,"column":77}},"type":"cond-expr","locations":[{"start":{"line":15,"column":51},"end":{"line":15,"column":68}},{"start":{"line":15,"column":71},"end":{"line":15,"column":77}}],"line":15}},"s":{"0":0,"1":0,"2":0,"3":0,"4":0,"5":0,"6":0,"7":0,"8":0,"9":0,"10":0,"11":0,"12":0,"13":0,"14":0,"15":0,"16":0},"f":{"0":0,"1":0,"2":0,"3":0,"4":0,"5":0,"6":0,"7":0,"8":0,"9":0},"b":{"0":[0,0],"1":[0,0]}}
,"C:\\Users\\nimit.jain\\OneDrive - Incedo Technology Solutions Ltd\\Desktop\\605712\\Projects\\Customizable Dashboard\\customizable-dashboard\\src\\Workspace.js": {"path":"C:\\Users\\nimit.jain\\OneDrive - Incedo Technology Solutions Ltd\\Desktop\\605712\\Projects\\Customizable Dashboard\\customizable-dashboard\\src\\Workspace.js","statementMap":{"0":{"start":{"line":4,"column":18},"end":{"line":31,"column":1}},"1":{"start":{"line":5,"column":25},"end":{"line":8,"column":5}},"2":{"start":{"line":6,"column":8},"end":{"line":6,"column":32}},"3":{"start":{"line":7,"column":8},"end":{"line":7,"column":26}},"4":{"start":{"line":11,"column":26},"end":{"line":22,"column":5}},"5":{"start":{"line":12,"column":8},"end":{"line":21,"column":15}},"6":{"start":{"line":13,"column":27},"end":{"line":13,"column":52}},"7":{"start":{"line":15,"column":16},"end":{"line":20,"column":18}},"8":{"start":{"line":18,"column":41},"end":{"line":18,"column":68}},"9":{"start":{"line":19,"column":42},"end":{"line":19,"column":63}},"10":{"start":{"line":24,"column":4},"end":{"line":30,"column":6}}},"fnMap":{"0":{"name":"(anonymous_0)","decl":{"start":{"line":4,"column":18},"end":{"line":4,"column":19}},"loc":{"start":{"line":4,"column":50},"end":{"line":31,"column":1}},"line":4},"1":{"name":"(anonymous_1)","decl":{"start":{"line":5,"column":25},"end":{"line":5,"column":26}},"loc":{"start":{"line":5,"column":40},"end":{"line":8,"column":5}},"line":5},"2":{"name":"(anonymous_2)","decl":{"start":{"line":11,"column":26},"end":{"line":11,"column":27}},"loc":{"start":{"line":11,"column":47},"end":{"line":22,"column":5}},"line":11},"3":{"name":"(anonymous_3)","decl":{"start":{"line":13,"column":20},"end":{"line":13,"column":21}},"loc":{"start":{"line":13,"column":27},"end":{"line":13,"column":52}},"line":13},"4":{"name":"(anonymous_4)","decl":{"start":{"line":14,"column":17},"end":{"line":14,"column":18}},"loc":{"start":{"line":15,"column":16},"end":{"line":20,"column":18}},"line":15},"5":{"name":"(anonymous_5)","decl":{"start":{"line":18,"column":30},"end":{"line":18,"column":31}},"loc":{"start":{"line":18,"column":41},"end":{"line":18,"column":68}},"line":18},"6":{"name":"(anonymous_6)","decl":{"start":{"line":19,"column":36},"end":{"line":19,"column":37}},"loc":{"start":{"line":19,"column":42},"end":{"line":19,"column":63}},"line":19}},"branchMap":{"0":{"loc":{"start":{"line":11,"column":27},"end":{"line":11,"column":42}},"type":"default-arg","locations":[{"start":{"line":11,"column":38},"end":{"line":11,"column":42}}],"line":11}},"s":{"0":0,"1":0,"2":0,"3":0,"4":0,"5":0,"6":0,"7":0,"8":0,"9":0,"10":0},"f":{"0":0,"1":0,"2":0,"3":0,"4":0,"5":0,"6":0},"b":{"0":[0]}}
,"C:\\Users\\nimit.jain\\OneDrive - Incedo Technology Solutions Ltd\\Desktop\\605712\\Projects\\Customizable Dashboard\\customizable-dashboard\\src\\index.js": {"path":"C:\\Users\\nimit.jain\\OneDrive - Incedo Technology Solutions Ltd\\Desktop\\605712\\Projects\\Customizable Dashboard\\customizable-dashboard\\src\\index.js","statementMap":{"0":{"start":{"line":7,"column":13},"end":{"line":7,"column":65}},"1":{"start":{"line":8,"column":0},"end":{"line":12,"column":2}},"2":{"start":{"line":17,"column":0},"end":{"line":17,"column":18}}},"fnMap":{},"branchMap":{},"s":{"0":0,"1":0,"2":0},"f":{},"b":{}}
,"C:\\Users\\nimit.jain\\OneDrive - Incedo Technology Solutions Ltd\\Desktop\\605712\\Projects\\Customizable Dashboard\\customizable-dashboard\\src\\reportWebVitals.js": {"path":"C:\\Users\\nimit.jain\\OneDrive - Incedo Technology Solutions Ltd\\Desktop\\605712\\Projects\\Customizable Dashboard\\customizable-dashboard\\src\\reportWebVitals.js","statementMap":{"0":{"start":{"line":1,"column":24},"end":{"line":11,"column":1}},"1":{"start":{"line":2,"column":2},"end":{"line":10,"column":3}},"2":{"start":{"line":3,"column":4},"end":{"line":9,"column":7}},"3":{"start":{"line":4,"column":6},"end":{"line":4,"column":26}},"4":{"start":{"line":5,"column":6},"end":{"line":5,"column":26}},"5":{"start":{"line":6,"column":6},"end":{"line":6,"column":26}},"6":{"start":{"line":7,"column":6},"end":{"line":7,"column":26}},"7":{"start":{"line":8,"column":6},"end":{"line":8,"column":27}}},"fnMap":{"0":{"name":"(anonymous_0)","decl":{"start":{"line":1,"column":24},"end":{"line":1,"column":25}},"loc":{"start":{"line":1,"column":39},"end":{"line":11,"column":1}},"line":1},"1":{"name":"(anonymous_1)","decl":{"start":{"line":3,"column":30},"end":{"line":3,"column":31}},"loc":{"start":{"line":3,"column":79},"end":{"line":9,"column":5}},"line":3}},"branchMap":{"0":{"loc":{"start":{"line":2,"column":2},"end":{"line":10,"column":3}},"type":"if","locations":[{"start":{"line":2,"column":2},"end":{"line":10,"column":3}},{"start":{},"end":{}}],"line":2},"1":{"loc":{"start":{"line":2,"column":6},"end":{"line":2,"column":52}},"type":"binary-expr","locations":[{"start":{"line":2,"column":6},"end":{"line":2,"column":17}},{"start":{"line":2,"column":21},"end":{"line":2,"column":52}}],"line":2}},"s":{"0":0,"1":0,"2":0,"3":0,"4":0,"5":0,"6":0,"7":0},"f":{"0":0,"1":0},"b":{"0":[0,0],"1":[0,0]}}
,"C:\\Users\\nimit.jain\\OneDrive - Incedo Technology Solutions Ltd\\Desktop\\605712\\Projects\\Customizable Dashboard\\customizable-dashboard\\src\\components\\Graph.js": {"path":"C:\\Users\\nimit.jain\\OneDrive - Incedo Technology Solutions Ltd\\Desktop\\605712\\Projects\\Customizable Dashboard\\customizable-dashboard\\src\\components\\Graph.js","statementMap":{"0":{"start":{"line":7,"column":21},"end":{"line":64,"column":1}},"1":{"start":{"line":67,"column":15},"end":{"line":113,"column":1}},"2":{"start":{"line":93,"column":4},"end":{"line":99,"column":6}},"3":{"start":{"line":100,"column":4},"end":{"line":101,"column":5}}},"fnMap":{"0":{"name":"(anonymous_0)","decl":{"start":{"line":67,"column":15},"end":{"line":67,"column":16}},"loc":{"start":{"line":67,"column":101},"end":{"line":113,"column":1}},"line":67}},"branchMap":{"0":{"loc":{"start":{"line":67,"column":42},"end":{"line":67,"column":55}},"type":"default-arg","locations":[{"start":{"line":67,"column":53},"end":{"line":67,"column":55}}],"line":67},"1":{"loc":{"start":{"line":100,"column":4},"end":{"line":101,"column":5}},"type":"if","locations":[{"start":{"line":100,"column":4},"end":{"line":101,"column":5}},{"start":{},"end":{}}],"line":100}},"s":{"0":0,"1":0,"2":0,"3":0},"f":{"0":0},"b":{"0":[0],"1":[0,0]}}
,"C:\\Users\\nimit.jain\\OneDrive - Incedo Technology Solutions Ltd\\Desktop\\605712\\Projects\\Customizable Dashboard\\customizable-dashboard\\src\\components\\plotly\\Card.js": {"path":"C:\\Users\\nimit.jain\\OneDrive - Incedo Technology Solutions Ltd\\Desktop\\605712\\Projects\\Customizable Dashboard\\customizable-dashboard\\src\\components\\plotly\\Card.js","statementMap":{"0":{"start":{"line":4,"column":13},"end":{"line":44,"column":1}},"1":{"start":{"line":12,"column":21},"end":{"line":12,"column":40}},"2":{"start":{"line":13,"column":24},"end":{"line":13,"column":48}},"3":{"start":{"line":14,"column":25},"end":{"line":14,"column":52}},"4":{"start":{"line":16,"column":4},"end":{"line":43,"column":6}},"5":{"start":{"line":46,"column":0},"end":{"line":62,"column":2}}},"fnMap":{"0":{"name":"(anonymous_0)","decl":{"start":{"line":4,"column":13},"end":{"line":4,"column":14}},"loc":{"start":{"line":11,"column":6},"end":{"line":44,"column":1}},"line":11}},"branchMap":{"0":{"loc":{"start":{"line":35,"column":21},"end":{"line":39,"column":21}},"type":"binary-expr","locations":[{"start":{"line":35,"column":21},"end":{"line":35,"column":42}},{"start":{"line":36,"column":24},"end":{"line":38,"column":30}}],"line":35}},"s":{"0":0,"1":0,"2":0,"3":0,"4":0,"5":0},"f":{"0":0},"b":{"0":[0,0]}}
,"C:\\Users\\nimit.jain\\OneDrive - Incedo Technology Solutions Ltd\\Desktop\\605712\\Projects\\Customizable Dashboard\\customizable-dashboard\\src\\components\\plotly\\PlotlyGraph.js": {"path":"C:\\Users\\nimit.jain\\OneDrive - Incedo Technology Solutions Ltd\\Desktop\\605712\\Projects\\Customizable Dashboard\\customizable-dashboard\\src\\components\\plotly\\PlotlyGraph.js","statementMap":{"0":{"start":{"line":3,"column":20},"end":{"line":22,"column":1}},"1":{"start":{"line":4,"column":21},"end":{"line":4,"column":40}},"2":{"start":{"line":6,"column":4},"end":{"line":11,"column":28}},"3":{"start":{"line":7,"column":19},"end":{"line":7,"column":39}},"4":{"start":{"line":8,"column":8},"end":{"line":8,"column":23}},"5":{"start":{"line":9,"column":8},"end":{"line":9,"column":38}},"6":{"start":{"line":10,"column":8},"end":{"line":10,"column":61}},"7":{"start":{"line":13,"column":4},"end":{"line":21,"column":6}}},"fnMap":{"0":{"name":"(anonymous_0)","decl":{"start":{"line":3,"column":20},"end":{"line":3,"column":21}},"loc":{"start":{"line":3,"column":81},"end":{"line":22,"column":1}},"line":3},"1":{"name":"(anonymous_1)","decl":{"start":{"line":6,"column":14},"end":{"line":6,"column":15}},"loc":{"start":{"line":6,"column":20},"end":{"line":11,"column":5}},"line":6}},"branchMap":{},"s":{"0":0,"1":0,"2":0,"3":0,"4":0,"5":0,"6":0,"7":0},"f":{"0":0,"1":0},"b":{}}
,"C:\\Users\\nimit.jain\\OneDrive - Incedo Technology Solutions Ltd\\Desktop\\605712\\Projects\\Customizable Dashboard\\customizable-dashboard\\src\\components\\plotly\\TableCard.js": {"path":"C:\\Users\\nimit.jain\\OneDrive - Incedo Technology Solutions Ltd\\Desktop\\605712\\Projects\\Customizable Dashboard\\customizable-dashboard\\src\\components\\plotly\\TableCard.js","statementMap":{"0":{"start":{"line":4,"column":18},"end":{"line":40,"column":1}},"1":{"start":{"line":5,"column":4},"end":{"line":5,"column":24}},"2":{"start":{"line":6,"column":67},"end":{"line":6,"column":89}},"3":{"start":{"line":8,"column":4},"end":{"line":39,"column":6}},"4":{"start":{"line":20,"column":44},"end":{"line":20,"column":89}},"5":{"start":{"line":26,"column":40},"end":{"line":30,"column":45}},"6":{"start":{"line":28,"column":48},"end":{"line":28,"column":95}},"7":{"start":{"line":42,"column":0},"end":{"line":47,"column":2}}},"fnMap":{"0":{"name":"(anonymous_0)","decl":{"start":{"line":4,"column":18},"end":{"line":4,"column":19}},"loc":{"start":{"line":4,"column":70},"end":{"line":40,"column":1}},"line":4},"1":{"name":"(anonymous_1)","decl":{"start":{"line":19,"column":58},"end":{"line":19,"column":59}},"loc":{"start":{"line":20,"column":44},"end":{"line":20,"column":89}},"line":20},"2":{"name":"(anonymous_2)","decl":{"start":{"line":25,"column":52},"end":{"line":25,"column":53}},"loc":{"start":{"line":26,"column":40},"end":{"line":30,"column":45}},"line":26},"3":{"name":"(anonymous_3)","decl":{"start":{"line":27,"column":53},"end":{"line":27,"column":54}},"loc":{"start":{"line":28,"column":48},"end":{"line":28,"column":95}},"line":28}},"branchMap":{"0":{"loc":{"start":{"line":6,"column":12},"end":{"line":6,"column":26}},"type":"default-arg","locations":[{"start":{"line":6,"column":24},"end":{"line":6,"column":26}}],"line":6},"1":{"loc":{"start":{"line":6,"column":28},"end":{"line":6,"column":45}},"type":"default-arg","locations":[{"start":{"line":6,"column":43},"end":{"line":6,"column":45}}],"line":6},"2":{"loc":{"start":{"line":6,"column":47},"end":{"line":6,"column":62}},"type":"default-arg","locations":[{"start":{"line":6,"column":60},"end":{"line":6,"column":62}}],"line":6},"3":{"loc":{"start":{"line":13,"column":25},"end":{"line":34,"column":25}},"type":"cond-expr","locations":[{"start":{"line":14,"column":28},"end":{"line":14,"column":92}},{"start":{"line":16,"column":28},"end":{"line":33,"column":36}}],"line":13}},"s":{"0":1,"1":2,"2":2,"3":2,"4":2,"5":9,"6":72,"7":1},"f":{"0":2,"1":2,"2":9,"3":72},"b":{"0":[0],"1":[0],"2":[0],"3":[1,1]},"_coverageSchema":"1a1c01bbd47fc00a2c39e90264f33305004495a9","hash":"ae37ef133122fa4817a029f6684707071e662f87"}
,"C:\\Users\\nimit.jain\\OneDrive - Incedo Technology Solutions Ltd\\Desktop\\605712\\Projects\\Customizable Dashboard\\customizable-dashboard\\src\\components\\plotly\\Text.js": {"path":"C:\\Users\\nimit.jain\\OneDrive - Incedo Technology Solutions Ltd\\Desktop\\605712\\Projects\\Customizable Dashboard\\customizable-dashboard\\src\\components\\plotly\\Text.js","statementMap":{"0":{"start":{"line":4,"column":17},"end":{"line":19,"column":1}},"1":{"start":{"line":5,"column":32},"end":{"line":5,"column":54}},"2":{"start":{"line":7,"column":4},"end":{"line":18,"column":6}},"3":{"start":{"line":21,"column":0},"end":{"line":27,"column":2}}},"fnMap":{"0":{"name":"(anonymous_0)","decl":{"start":{"line":4,"column":17},"end":{"line":4,"column":18}},"loc":{"start":{"line":4,"column":80},"end":{"line":19,"column":1}},"line":4}},"branchMap":{},"s":{"0":0,"1":0,"2":0,"3":0},"f":{"0":0},"b":{}}
}
